<?xml version="1.0" encoding="UTF-8"?>
<testng-results ignored="0" total="1" passed="1" failed="0" skipped="0">
  <reporter-output>
  </reporter-output>
  <suite started-at="2021-08-03T11:53:41 EDT" name="Surefire suite" finished-at="2021-08-03T11:53:54 EDT" duration-ms="12805">
    <groups>
      <group name="cucumber">
        <method signature="AbstractTestNGCucumberTests.feature(cucumber.api.testng.CucumberFeatureWrapper)[pri:0, instance:com.bangladesh.TestRunner.TestRunner_BD@5fe94a96]" name="feature" class="cucumber.api.testng.AbstractTestNGCucumberTests"/>
      </group> <!-- cucumber -->
    </groups>
    <test started-at="2021-08-03T11:53:41 EDT" name="Surefire test" finished-at="2021-08-03T11:53:54 EDT" duration-ms="12805">
      <class name="com.bangladesh.TestRunner.TestRunner_BD">
        <test-method is-config="true" signature="LaunchApplicationURL()[pri:0, instance:com.bangladesh.TestRunner.TestRunner_BD@5fe94a96]" started-at="2021-08-03T11:53:41 EDT" name="LaunchApplicationURL" finished-at="2021-08-03T11:53:43 EDT" duration-ms="2141" status="PASS">
          <reporter-output>
          </reporter-output>
        </test-method> <!-- LaunchApplicationURL -->
        <test-method is-config="true" signature="setUpClass()[pri:0, instance:com.bangladesh.TestRunner.TestRunner_BD@5fe94a96]" started-at="2021-08-03T11:53:43 EDT" name="setUpClass" finished-at="2021-08-03T11:53:43 EDT" duration-ms="178" status="PASS">
          <reporter-output>
          </reporter-output>
        </test-method> <!-- setUpClass -->
        <test-method signature="feature(cucumber.api.testng.CucumberFeatureWrapper)[pri:0, instance:com.bangladesh.TestRunner.TestRunner_BD@5fe94a96]" started-at="2021-08-03T11:53:43 EDT" name="feature" description="Runs Cucumber Feature" data-provider="features" finished-at="2021-08-03T11:53:53 EDT" duration-ms="9619" status="PASS">
          <params>
            <param index="0">
              <value>
                <![CDATA[Login]]>
              </value>
            </param>
          </params>
          <reporter-output>
          </reporter-output>
        </test-method> <!-- feature -->
        <test-method is-config="true" signature="tearDownClass()[pri:0, instance:com.bangladesh.TestRunner.TestRunner_BD@5fe94a96]" started-at="2021-08-03T11:53:53 EDT" name="tearDownClass" finished-at="2021-08-03T11:53:53 EDT" duration-ms="9" status="PASS">
          <reporter-output>
          </reporter-output>
        </test-method> <!-- tearDownClass -->
        <test-method is-config="true" signature="CloseApplicationURL()[pri:0, instance:com.bangladesh.TestRunner.TestRunner_BD@5fe94a96]" started-at="2021-08-03T11:53:53 EDT" name="CloseApplicationURL" finished-at="2021-08-03T11:53:54 EDT" duration-ms="772" status="PASS">
          <reporter-output>
          </reporter-output>
        </test-method> <!-- CloseApplicationURL -->
      </class> <!-- com.bangladesh.TestRunner.TestRunner_BD -->
    </test> <!-- Surefire test -->
  </suite> <!-- Surefire suite -->
</testng-results>
