<?xml version="1.0" encoding="UTF-8"?>
<testng-results ignored="0" total="2" passed="2" failed="0" skipped="0">
  <reporter-output>
  </reporter-output>
  <suite started-at="2024-11-12T10:00:30 EST" name="Default suite" finished-at="2024-11-12T10:00:35 EST" duration-ms="5555">
    <groups>
      <group name="cucumber">
        <method signature="AbstractTestNGCucumberTests.runScenario(io.cucumber.testng.PickleWrapper,io.cucumber.testng.FeatureWrapper)[pri:0, instance:com.bangladesh.TestRunner.TestRunner_BD@5745ca0e]" name="runScenario" class="io.cucumber.testng.AbstractTestNGCucumberTests"/>
      </group> <!-- cucumber -->
    </groups>
    <test started-at="2024-11-12T10:00:30 EST" name="Default test" finished-at="2024-11-12T10:00:35 EST" duration-ms="5555">
      <class name="com.bangladesh.TestRunner.TestRunner_BD">
        <test-method is-config="true" signature="LaunchApplicationURL()[pri:0, instance:com.bangladesh.TestRunner.TestRunner_BD@5745ca0e]" started-at="2024-11-12T10:00:30 EST" name="LaunchApplicationURL" finished-at="2024-11-12T10:00:31 EST" duration-ms="1200" status="PASS">
          <reporter-output>
          </reporter-output>
        </test-method> <!-- LaunchApplicationURL -->
        <test-method is-config="true" signature="setUpClass(org.testng.ITestContext)[pri:0, instance:com.bangladesh.TestRunner.TestRunner_BD@5745ca0e]" started-at="2024-11-12T10:00:31 EST" name="setUpClass" finished-at="2024-11-12T10:00:31 EST" duration-ms="72" status="PASS">
          <params>
            <param index="0">
              <value>
                <![CDATA[org.testng.TestRunner@5c534b5b]]>
              </value>
            </param>
          </params>
          <reporter-output>
          </reporter-output>
        </test-method> <!-- setUpClass -->
        <test-method signature="runScenario(io.cucumber.testng.PickleWrapper,io.cucumber.testng.FeatureWrapper)[pri:0, instance:com.bangladesh.TestRunner.TestRunner_BD@5745ca0e]" started-at="2024-11-12T10:00:31 EST" name="runScenario" description="Runs Cucumber Scenarios" data-provider="scenarios" finished-at="2024-11-12T10:00:34 EST" duration-ms="3289" status="PASS">
          <params>
            <param index="0">
              <value>
                <![CDATA["Verify search result display"]]>
              </value>
            </param>
            <param index="1">
              <value>
                <![CDATA["Home page"]]>
              </value>
            </param>
          </params>
          <reporter-output>
          </reporter-output>
        </test-method> <!-- runScenario -->
        <test-method signature="runScenario(io.cucumber.testng.PickleWrapper,io.cucumber.testng.FeatureWrapper)[pri:0, instance:com.bangladesh.TestRunner.TestRunner_BD@5745ca0e]" started-at="2024-11-12T10:00:34 EST" name="runScenario" description="Runs Cucumber Scenarios" data-provider="scenarios" finished-at="2024-11-12T10:00:35 EST" duration-ms="569" status="PASS">
          <params>
            <param index="0">
              <value>
                <![CDATA["Verify user can login"]]>
              </value>
            </param>
            <param index="1">
              <value>
                <![CDATA["Login"]]>
              </value>
            </param>
          </params>
          <reporter-output>
          </reporter-output>
        </test-method> <!-- runScenario -->
        <test-method is-config="true" signature="tearDownClass()[pri:0, instance:com.bangladesh.TestRunner.TestRunner_BD@5745ca0e]" started-at="2024-11-12T10:00:35 EST" name="tearDownClass" finished-at="2024-11-12T10:00:35 EST" duration-ms="115" status="PASS">
          <reporter-output>
          </reporter-output>
        </test-method> <!-- tearDownClass -->
        <test-method is-config="true" signature="CloseApplicationURL()[pri:0, instance:com.bangladesh.TestRunner.TestRunner_BD@5745ca0e]" started-at="2024-11-12T10:00:35 EST" name="CloseApplicationURL" finished-at="2024-11-12T10:00:35 EST" duration-ms="288" status="PASS">
          <reporter-output>
          </reporter-output>
        </test-method> <!-- CloseApplicationURL -->
      </class> <!-- com.bangladesh.TestRunner.TestRunner_BD -->
    </test> <!-- Default test -->
  </suite> <!-- Default suite -->
</testng-results>
